[[1;34mINFO[m] Scanning for projects...
[[1;34mINFO[m] 
[[1;34mINFO[m] [1m----------------< [0;36mnet.proselyte.tutorials:FirstJSFApp[0;1m >-----------------[m
[[1;34mINFO[m] [1mBuilding FirstJSFApp Maven Webapp 1.0-SNAPSHOT[m
[[1;34mINFO[m] [1m--------------------------------[ war ]---------------------------------[m
[[1;34mINFO[m] 
[[1;34mINFO[m] [1m--- [0;32mmaven-clean-plugin:2.5:clean[m [1m(default-clean)[m @ [36mFirstJSFApp[0;1m ---[m
[[1;34mINFO[m] Deleting /home/yura/Applications/intellij/ideaProjects/web_3d_lab/target
[[1;34mINFO[m] [1m------------------------------------------------------------------------[m
[[1;34mINFO[m] [1;32mBUILD SUCCESS[m
[[1;34mINFO[m] [1m------------------------------------------------------------------------[m
[[1;34mINFO[m] Total time:  0.274 s
[[1;34mINFO[m] Finished at: 2024-11-23T14:15:07+03:00
[[1;34mINFO[m] [1m------------------------------------------------------------------------[m
[[1;34mINFO[m] Scanning for projects...
[[1;34mINFO[m] 
[[1;34mINFO[m] [1m----------------< [0;36mnet.proselyte.tutorials:FirstJSFApp[0;1m >-----------------[m
[[1;34mINFO[m] [1mBuilding FirstJSFApp Maven Webapp 1.0-SNAPSHOT[m
[[1;34mINFO[m] [1m--------------------------------[ war ]---------------------------------[m
[[1;34mINFO[m] 
[[1;34mINFO[m] [1m--- [0;32mmaven-resources-plugin:2.6:resources[m [1m(default-resources)[m @ [36mFirstJSFApp[0;1m ---[m
[[1;33mWARNING[m] Using platform encoding (UTF-8 actually) to copy filtered resources, i.e. build is platform dependent!
[[1;34mINFO[m] Copying 1 resource
[[1;34mINFO[m] 
[[1;34mINFO[m] [1m--- [0;32mmaven-compiler-plugin:2.3.1:compile[m [1m(default-compile)[m @ [36mFirstJSFApp[0;1m ---[m
[[1;33mWARNING[m] File encoding has not been set, using platform encoding UTF-8, i.e. build is platform dependent!
[[1;34mINFO[m] Compiling 7 source files to /home/yura/Applications/intellij/ideaProjects/web_3d_lab/target/classes
[[1;34mINFO[m] 
[[1;34mINFO[m] [1m--- [0;32mmaven-resources-plugin:2.6:testResources[m [1m(default-testResources)[m @ [36mFirstJSFApp[0;1m ---[m
[[1;33mWARNING[m] Using platform encoding (UTF-8 actually) to copy filtered resources, i.e. build is platform dependent!
[[1;34mINFO[m] skip non existing resourceDirectory /home/yura/Applications/intellij/ideaProjects/web_3d_lab/src/test/resources
[[1;34mINFO[m] 
[[1;34mINFO[m] [1m--- [0;32mmaven-compiler-plugin:2.3.1:testCompile[m [1m(default-testCompile)[m @ [36mFirstJSFApp[0;1m ---[m
[[1;34mINFO[m] No sources to compile
[[1;34mINFO[m] 
[[1;34mINFO[m] [1m--- [0;32mmaven-surefire-plugin:2.12.4:test[m [1m(default-test)[m @ [36mFirstJSFApp[0;1m ---[m
[[1;34mINFO[m] No tests to run.
[[1;34mINFO[m] 
[[1;34mINFO[m] [1m--- [0;32mmaven-war-plugin:2.2:war[m [1m(default-war)[m @ [36mFirstJSFApp[0;1m ---[m
[[1;33mWARNING[m] Error injecting: org.apache.maven.plugin.war.WarMojo
[1;31mcom.google.inject.ProvisionException[m: [1;31mUnable to provision, see the following errors:

1) Error injecting constructor, java.lang.ExceptionInInitializerError: Cannot access defaults field of Properties
  at org.apache.maven.plugin.war.WarMojo.<init>(Unknown Source)
  while locating org.apache.maven.plugin.war.WarMojo

1 error[m
    [1mat[m com.google.inject.internal.InternalProvisionException.toProvisionException ([1mInternalProvisionException.java:226[m)
    [1mat[m com.google.inject.internal.InjectorImpl$1.get ([1mInjectorImpl.java:1097[m)
    [1mat[m com.google.inject.internal.InjectorImpl.getInstance ([1mInjectorImpl.java:1131[m)
    [1mat[m org.eclipse.sisu.space.AbstractDeferredClass.get ([1mAbstractDeferredClass.java:48[m)
    [1mat[m com.google.inject.internal.ProviderInternalFactory.provision ([1mProviderInternalFactory.java:85[m)
    [1mat[m com.google.inject.internal.InternalFactoryToInitializableAdapter.provision ([1mInternalFactoryToInitializableAdapter.java:57[m)
    [1mat[m com.google.inject.internal.ProviderInternalFactory$1.call ([1mProviderInternalFactory.java:66[m)
    [1mat[m com.google.inject.internal.ProvisionListenerStackCallback$Provision.provision ([1mProvisionListenerStackCallback.java:112[m)
    [1mat[m com.google.inject.internal.ProvisionListenerStackCallback$Provision.provision ([1mProvisionListenerStackCallback.java:127[m)
    [1mat[m com.google.inject.internal.ProvisionListenerStackCallback.provision ([1mProvisionListenerStackCallback.java:66[m)
    [1mat[m com.google.inject.internal.ProviderInternalFactory.circularGet ([1mProviderInternalFactory.java:61[m)
    [1mat[m com.google.inject.internal.InternalFactoryToInitializableAdapter.get ([1mInternalFactoryToInitializableAdapter.java:47[m)
    [1mat[m com.google.inject.internal.InjectorImpl$1.get ([1mInjectorImpl.java:1094[m)
    [1mat[m org.eclipse.sisu.inject.Guice4$1.get ([1mGuice4.java:162[m)
    [1mat[m org.eclipse.sisu.inject.LazyBeanEntry.getValue ([1mLazyBeanEntry.java:81[m)
    [1mat[m org.eclipse.sisu.plexus.LazyPlexusBean.getValue ([1mLazyPlexusBean.java:51[m)
    [1mat[m org.codehaus.plexus.DefaultPlexusContainer.lookup ([1mDefaultPlexusContainer.java:263[m)
    [1mat[m org.codehaus.plexus.DefaultPlexusContainer.lookup ([1mDefaultPlexusContainer.java:255[m)
    [1mat[m org.apache.maven.plugin.internal.DefaultMavenPluginManager.getConfiguredMojo ([1mDefaultMavenPluginManager.java:520[m)
    [1mat[m org.apache.maven.plugin.DefaultBuildPluginManager.executeMojo ([1mDefaultBuildPluginManager.java:124[m)
    [1mat[m org.apache.maven.lifecycle.internal.MojoExecutor.doExecute2 ([1mMojoExecutor.java:370[m)
    [1mat[m org.apache.maven.lifecycle.internal.MojoExecutor.doExecute ([1mMojoExecutor.java:351[m)
    [1mat[m org.apache.maven.lifecycle.internal.MojoExecutor.execute ([1mMojoExecutor.java:215[m)
    [1mat[m org.apache.maven.lifecycle.internal.MojoExecutor.execute ([1mMojoExecutor.java:171[m)
    [1mat[m org.apache.maven.lifecycle.internal.MojoExecutor.execute ([1mMojoExecutor.java:163[m)
    [1mat[m org.apache.maven.lifecycle.internal.LifecycleModuleBuilder.buildProject ([1mLifecycleModuleBuilder.java:117[m)
    [1mat[m org.apache.maven.lifecycle.internal.LifecycleModuleBuilder.buildProject ([1mLifecycleModuleBuilder.java:81[m)
    [1mat[m org.apache.maven.lifecycle.internal.builder.singlethreaded.SingleThreadedBuilder.build ([1mSingleThreadedBuilder.java:56[m)
    [1mat[m org.apache.maven.lifecycle.internal.LifecycleStarter.execute ([1mLifecycleStarter.java:128[m)
    [1mat[m org.apache.maven.DefaultMaven.doExecute ([1mDefaultMaven.java:298[m)
    [1mat[m org.apache.maven.DefaultMaven.doExecute ([1mDefaultMaven.java:192[m)
    [1mat[m org.apache.maven.DefaultMaven.execute ([1mDefaultMaven.java:105[m)
    [1mat[m org.apache.maven.cli.MavenCli.execute ([1mMavenCli.java:960[m)
    [1mat[m org.apache.maven.cli.MavenCli.doMain ([1mMavenCli.java:293[m)
    [1mat[m org.apache.maven.cli.MavenCli.main ([1mMavenCli.java:196[m)
    [1mat[m jdk.internal.reflect.DirectMethodHandleAccessor.invoke ([1mDirectMethodHandleAccessor.java:103[m)
    [1mat[m java.lang.reflect.Method.invoke ([1mMethod.java:580[m)
    [1mat[m org.codehaus.plexus.classworlds.launcher.Launcher.launchEnhanced ([1mLauncher.java:283[m)
    [1mat[m org.codehaus.plexus.classworlds.launcher.Launcher.launch ([1mLauncher.java:226[m)
    [1mat[m org.codehaus.plexus.classworlds.launcher.Launcher.mainWithExitCode ([1mLauncher.java:407[m)
    [1mat[m org.codehaus.plexus.classworlds.launcher.Launcher.main ([1mLauncher.java:348[m)
[1mCaused by[m: java.lang.ExceptionInInitializerError: [1;31mCannot access defaults field of Properties[m
    [1mat[m com.thoughtworks.xstream.converters.collections.PropertiesConverter.<clinit> ([1mPropertiesConverter.java:46[m)
    [1mat[m com.thoughtworks.xstream.XStream.setupConverters ([1mXStream.java:647[m)
    [1mat[m com.thoughtworks.xstream.XStream.<init> ([1mXStream.java:445[m)
    [1mat[m com.thoughtworks.xstream.XStream.<init> ([1mXStream.java:385[m)
    [1mat[m com.thoughtworks.xstream.XStream.<init> ([1mXStream.java:342[m)
    [1mat[m org.apache.maven.plugin.war.util.WebappStructureSerializer.<clinit> ([1mWebappStructureSerializer.java:47[m)
    [1mat[m org.apache.maven.plugin.war.AbstractWarMojo.<init> ([1mAbstractWarMojo.java:316[m)
    [1mat[m org.apache.maven.plugin.war.WarMojo.<init> ([1mWarMojo.java:49[m)
    [1mat[m jdk.internal.reflect.DirectConstructorHandleAccessor.newInstance ([1mDirectConstructorHandleAccessor.java:62[m)
    [1mat[m java.lang.reflect.Constructor.newInstanceWithCaller ([1mConstructor.java:502[m)
    [1mat[m java.lang.reflect.Constructor.newInstance ([1mConstructor.java:486[m)
    [1mat[m com.google.inject.internal.DefaultConstructionProxyFactory$ReflectiveProxy.newInstance ([1mDefaultConstructionProxyFactory.java:126[m)
    [1mat[m com.google.inject.internal.ConstructorInjector.provision ([1mConstructorInjector.java:114[m)
    [1mat[m com.google.inject.internal.ConstructorInjector.access$000 ([1mConstructorInjector.java:32[m)
    [1mat[m com.google.inject.internal.ConstructorInjector$1.call ([1mConstructorInjector.java:98[m)
    [1mat[m com.google.inject.internal.ProvisionListenerStackCallback$Provision.provision ([1mProvisionListenerStackCallback.java:112[m)
    [1mat[m com.google.inject.internal.ProvisionListenerStackCallback$Provision.provision ([1mProvisionListenerStackCallback.java:127[m)
    [1mat[m com.google.inject.internal.ProvisionListenerStackCallback.provision ([1mProvisionListenerStackCallback.java:66[m)
    [1mat[m com.google.inject.internal.ConstructorInjector.construct ([1mConstructorInjector.java:93[m)
    [1mat[m com.google.inject.internal.ConstructorBindingImpl$Factory.get ([1mConstructorBindingImpl.java:306[m)
    [1mat[m com.google.inject.internal.InjectorImpl$1.get ([1mInjectorImpl.java:1094[m)
    [1mat[m com.google.inject.internal.InjectorImpl.getInstance ([1mInjectorImpl.java:1131[m)
    [1mat[m org.eclipse.sisu.space.AbstractDeferredClass.get ([1mAbstractDeferredClass.java:48[m)
    [1mat[m com.google.inject.internal.ProviderInternalFactory.provision ([1mProviderInternalFactory.java:85[m)
    [1mat[m com.google.inject.internal.InternalFactoryToInitializableAdapter.provision ([1mInternalFactoryToInitializableAdapter.java:57[m)
    [1mat[m com.google.inject.internal.ProviderInternalFactory$1.call ([1mProviderInternalFactory.java:66[m)
    [1mat[m com.google.inject.internal.ProvisionListenerStackCallback$Provision.provision ([1mProvisionListenerStackCallback.java:112[m)
    [1mat[m com.google.inject.internal.ProvisionListenerStackCallback$Provision.provision ([1mProvisionListenerStackCallback.java:127[m)
    [1mat[m com.google.inject.internal.ProvisionListenerStackCallback.provision ([1mProvisionListenerStackCallback.java:66[m)
    [1mat[m com.google.inject.internal.ProviderInternalFactory.circularGet ([1mProviderInternalFactory.java:61[m)
    [1mat[m com.google.inject.internal.InternalFactoryToInitializableAdapter.get ([1mInternalFactoryToInitializableAdapter.java:47[m)
    [1mat[m com.google.inject.internal.InjectorImpl$1.get ([1mInjectorImpl.java:1094[m)
    [1mat[m org.eclipse.sisu.inject.Guice4$1.get ([1mGuice4.java:162[m)
    [1mat[m org.eclipse.sisu.inject.LazyBeanEntry.getValue ([1mLazyBeanEntry.java:81[m)
    [1mat[m org.eclipse.sisu.plexus.LazyPlexusBean.getValue ([1mLazyPlexusBean.java:51[m)
    [1mat[m org.codehaus.plexus.DefaultPlexusContainer.lookup ([1mDefaultPlexusContainer.java:263[m)
    [1mat[m org.codehaus.plexus.DefaultPlexusContainer.lookup ([1mDefaultPlexusContainer.java:255[m)
    [1mat[m org.apache.maven.plugin.internal.DefaultMavenPluginManager.getConfiguredMojo ([1mDefaultMavenPluginManager.java:520[m)
    [1mat[m org.apache.maven.plugin.DefaultBuildPluginManager.executeMojo ([1mDefaultBuildPluginManager.java:124[m)
    [1mat[m org.apache.maven.lifecycle.internal.MojoExecutor.doExecute2 ([1mMojoExecutor.java:370[m)
    [1mat[m org.apache.maven.lifecycle.internal.MojoExecutor.doExecute ([1mMojoExecutor.java:351[m)
    [1mat[m org.apache.maven.lifecycle.internal.MojoExecutor.execute ([1mMojoExecutor.java:215[m)
    [1mat[m org.apache.maven.lifecycle.internal.MojoExecutor.execute ([1mMojoExecutor.java:171[m)
    [1mat[m org.apache.maven.lifecycle.internal.MojoExecutor.execute ([1mMojoExecutor.java:163[m)
    [1mat[m org.apache.maven.lifecycle.internal.LifecycleModuleBuilder.buildProject ([1mLifecycleModuleBuilder.java:117[m)
    [1mat[m org.apache.maven.lifecycle.internal.LifecycleModuleBuilder.buildProject ([1mLifecycleModuleBuilder.java:81[m)
    [1mat[m org.apache.maven.lifecycle.internal.builder.singlethreaded.SingleThreadedBuilder.build ([1mSingleThreadedBuilder.java:56[m)
    [1mat[m org.apache.maven.lifecycle.internal.LifecycleStarter.execute ([1mLifecycleStarter.java:128[m)
    [1mat[m org.apache.maven.DefaultMaven.doExecute ([1mDefaultMaven.java:298[m)
    [1mat[m org.apache.maven.DefaultMaven.doExecute ([1mDefaultMaven.java:192[m)
    [1mat[m org.apache.maven.DefaultMaven.execute ([1mDefaultMaven.java:105[m)
    [1mat[m org.apache.maven.cli.MavenCli.execute ([1mMavenCli.java:960[m)
    [1mat[m org.apache.maven.cli.MavenCli.doMain ([1mMavenCli.java:293[m)
    [1mat[m org.apache.maven.cli.MavenCli.main ([1mMavenCli.java:196[m)
    [1mat[m jdk.internal.reflect.DirectMethodHandleAccessor.invoke ([1mDirectMethodHandleAccessor.java:103[m)
    [1mat[m java.lang.reflect.Method.invoke ([1mMethod.java:580[m)
    [1mat[m org.codehaus.plexus.classworlds.launcher.Launcher.launchEnhanced ([1mLauncher.java:283[m)
    [1mat[m org.codehaus.plexus.classworlds.launcher.Launcher.launch ([1mLauncher.java:226[m)
    [1mat[m org.codehaus.plexus.classworlds.launcher.Launcher.mainWithExitCode ([1mLauncher.java:407[m)
    [1mat[m org.codehaus.plexus.classworlds.launcher.Launcher.main ([1mLauncher.java:348[m)
[[1;34mINFO[m] [1m------------------------------------------------------------------------[m
[[1;34mINFO[m] [1;31mBUILD FAILURE[m
[[1;34mINFO[m] [1m------------------------------------------------------------------------[m
[[1;34mINFO[m] Total time:  2.546 s
[[1;34mINFO[m] Finished at: 2024-11-23T14:15:11+03:00
[[1;34mINFO[m] [1m------------------------------------------------------------------------[m
[[1;31mERROR[m] Failed to execute goal [32morg.apache.maven.plugins:maven-war-plugin:2.2:war[m [1m(default-war)[m on project [36mFirstJSFApp[m: [1;31mExecution default-war of goal org.apache.maven.plugins:maven-war-plugin:2.2:war failed: Unable to load the mojo 'war' in the plugin 'org.apache.maven.plugins:maven-war-plugin:2.2' due to an API incompatibility: org.codehaus.plexus.component.repository.exception.ComponentLookupException: Cannot access defaults field of Properties[m
[[1;31mERROR[m] [1;31m-----------------------------------------------------[m
[[1;31mERROR[m] [1;31mrealm =    plugin>org.apache.maven.plugins:maven-war-plugin:2.2[m
[[1;31mERROR[m] [1;31mstrategy = org.codehaus.plexus.classworlds.strategy.SelfFirstStrategy[m
[[1;31mERROR[m] [1;31murls[0] = file:/home/yura/.m2/repository/org/apache/maven/plugins/maven-war-plugin/2.2/maven-war-plugin-2.2.jar[m
[[1;31mERROR[m] [1;31murls[1] = file:/home/yura/.m2/repository/org/apache/maven/reporting/maven-reporting-api/2.0.6/maven-reporting-api-2.0.6.jar[m
[[1;31mERROR[m] [1;31murls[2] = file:/home/yura/.m2/repository/org/apache/maven/doxia/doxia-sink-api/1.0-alpha-7/doxia-sink-api-1.0-alpha-7.jar[m
[[1;31mERROR[m] [1;31murls[3] = file:/home/yura/.m2/repository/commons-cli/commons-cli/1.0/commons-cli-1.0.jar[m
[[1;31mERROR[m] [1;31murls[4] = file:/home/yura/.m2/repository/org/codehaus/plexus/plexus-interactivity-api/1.0-alpha-4/plexus-interactivity-api-1.0-alpha-4.jar[m
[[1;31mERROR[m] [1;31murls[5] = file:/home/yura/.m2/repository/org/apache/maven/maven-archiver/2.5/maven-archiver-2.5.jar[m
[[1;31mERROR[m] [1;31murls[6] = file:/home/yura/.m2/repository/org/codehaus/plexus/plexus-io/2.0.2/plexus-io-2.0.2.jar[m
[[1;31mERROR[m] [1;31murls[7] = file:/home/yura/.m2/repository/org/codehaus/plexus/plexus-archiver/2.1/plexus-archiver-2.1.jar[m
[[1;31mERROR[m] [1;31murls[8] = file:/home/yura/.m2/repository/org/codehaus/plexus/plexus-interpolation/1.15/plexus-interpolation-1.15.jar[m
[[1;31mERROR[m] [1;31murls[9] = file:/home/yura/.m2/repository/junit/junit/3.8.1/junit-3.8.1.jar[m
[[1;31mERROR[m] [1;31murls[10] = file:/home/yura/.m2/repository/com/thoughtworks/xstream/xstream/1.3.1/xstream-1.3.1.jar[m
[[1;31mERROR[m] [1;31murls[11] = file:/home/yura/.m2/repository/xpp3/xpp3_min/1.1.4c/xpp3_min-1.1.4c.jar[m
[[1;31mERROR[m] [1;31murls[12] = file:/home/yura/.m2/repository/org/codehaus/plexus/plexus-utils/3.0/plexus-utils-3.0.jar[m
[[1;31mERROR[m] [1;31murls[13] = file:/home/yura/.m2/repository/org/apache/maven/shared/maven-filtering/1.0-beta-2/maven-filtering-1.0-beta-2.jar[m
[[1;31mERROR[m] [1;31mNumber of foreign imports: 1[m
[[1;31mERROR[m] [1;31mimport: Entry[import  from realm ClassRealm[maven.api, parent: null]][m
[[1;31mERROR[m] [1;31m[m
[[1;31mERROR[m] [1;31m-----------------------------------------------------[m
[[1;31mERROR[m] [1;31m[m
[[1;31mERROR[m] -> [1m[Help 1][m
[[1;31mERROR[m] 
[[1;31mERROR[m] To see the full stack trace of the errors, re-run Maven with the [1m-e[m switch.
[[1;31mERROR[m] Re-run Maven using the [1m-X[m switch to enable full debug logging.
[[1;31mERROR[m] 
[[1;31mERROR[m] For more information about the errors and possible solutions, please read the following articles:
[[1;31mERROR[m] [1m[Help 1][m http://cwiki.apache.org/confluence/display/MAVEN/PluginContainerException
